Starting job...
Activated environment: /home/yandex/MLWG2024/michaelbest/anaconda3/envs/graphgps
[*] Run ID 0: seed=0, split_index=0
    Starting now: 2024-11-10 22:44:26.316955
[*] Loaded dataset 'PCQM4Mv2-full' from 'OGB':
  Data(edge_index=[2, 109093626], edge_attr=[109093626, 3], x=[52970652, 9], y=[3746620])
  undirected: True
  num graphs: 3746620
  avg num_nodes/graph: 14
  num node features: 9
  num edge features: 3
  num classes: (appears to be a regression task)
Parsed RWSE PE kernel times / steps: [1, 2, 3, 4, 5, 6, 7, 8, 9, 10, 11, 12, 13, 14, 15, 16]
Precomputing Positional Encoding statistics: ['RWSE'] for all graphs...
  ...estimated to be undirected: True
Done! Took 01:34:18.68
GraphGymModule(
  (model): GPSModel(
    (encoder): FeatureEncoder(
      (node_encoder): Concat2NodeEncoder(
        (encoder1): AtomEncoder(
          (atom_embedding_list): ModuleList(
            (0): Embedding(119, 284)
            (1): Embedding(5, 284)
            (2-3): 2 x Embedding(12, 284)
            (4): Embedding(10, 284)
            (5-6): 2 x Embedding(6, 284)
            (7-8): 2 x Embedding(2, 284)
          )
        )
        (encoder2): RWSENodeEncoder(
          (raw_norm): BatchNorm1d(16, eps=1e-05, momentum=0.1, affine=True, track_running_stats=True)
          (pe_encoder): Linear(in_features=16, out_features=20, bias=True)
        )
      )
      (edge_encoder): BondEncoder(
        (bond_embedding_list): ModuleList(
          (0): Embedding(5, 304)
          (1): Embedding(6, 304)
          (2): Embedding(2, 304)
        )
      )
    )
    (layers): Sequential(
      (0): GPSLayer(
        summary: dim_h=304, local_gnn_type=CustomGatedGCN, global_model_type=Transformer, heads=4
        (local_model): GatedGCNLayer()
        (self_attn): MultiheadAttention(
          (out_proj): NonDynamicallyQuantizableLinear(in_features=304, out_features=304, bias=True)
        )
        (norm1_local): BatchNorm1d(304, eps=1e-05, momentum=0.1, affine=True, track_running_stats=True)
        (norm1_attn): BatchNorm1d(304, eps=1e-05, momentum=0.1, affine=True, track_running_stats=True)
        (dropout_local): Dropout(p=0.0, inplace=False)
        (dropout_attn): Dropout(p=0.0, inplace=False)
        (ff_linear1): Linear(in_features=304, out_features=608, bias=True)
        (ff_linear2): Linear(in_features=608, out_features=304, bias=True)
        (act_fn_ff): ReLU()
        (norm2): BatchNorm1d(304, eps=1e-05, momentum=0.1, affine=True, track_running_stats=True)
        (ff_dropout1): Dropout(p=0.0, inplace=False)
        (ff_dropout2): Dropout(p=0.0, inplace=False)
      )
      (1): GPSLayer(
        summary: dim_h=304, local_gnn_type=CustomGatedGCN, global_model_type=Transformer, heads=4
        (local_model): GatedGCNLayer()
        (self_attn): MultiheadAttention(
          (out_proj): NonDynamicallyQuantizableLinear(in_features=304, out_features=304, bias=True)
        )
        (norm1_local): BatchNorm1d(304, eps=1e-05, momentum=0.1, affine=True, track_running_stats=True)
        (norm1_attn): BatchNorm1d(304, eps=1e-05, momentum=0.1, affine=True, track_running_stats=True)
        (dropout_local): Dropout(p=0.0, inplace=False)
        (dropout_attn): Dropout(p=0.0, inplace=False)
        (ff_linear1): Linear(in_features=304, out_features=608, bias=True)
        (ff_linear2): Linear(in_features=608, out_features=304, bias=True)
        (act_fn_ff): ReLU()
        (norm2): BatchNorm1d(304, eps=1e-05, momentum=0.1, affine=True, track_running_stats=True)
        (ff_dropout1): Dropout(p=0.0, inplace=False)
        (ff_dropout2): Dropout(p=0.0, inplace=False)
      )
      (2): GPSLayer(
        summary: dim_h=304, local_gnn_type=CustomGatedGCN, global_model_type=Transformer, heads=4
        (local_model): GatedGCNLayer()
        (self_attn): MultiheadAttention(
          (out_proj): NonDynamicallyQuantizableLinear(in_features=304, out_features=304, bias=True)
        )
        (norm1_local): BatchNorm1d(304, eps=1e-05, momentum=0.1, affine=True, track_running_stats=True)
        (norm1_attn): BatchNorm1d(304, eps=1e-05, momentum=0.1, affine=True, track_running_stats=True)
        (dropout_local): Dropout(p=0.0, inplace=False)
        (dropout_attn): Dropout(p=0.0, inplace=False)
        (ff_linear1): Linear(in_features=304, out_features=608, bias=True)
        (ff_linear2): Linear(in_features=608, out_features=304, bias=True)
        (act_fn_ff): ReLU()
        (norm2): BatchNorm1d(304, eps=1e-05, momentum=0.1, affine=True, track_running_stats=True)
        (ff_dropout1): Dropout(p=0.0, inplace=False)
        (ff_dropout2): Dropout(p=0.0, inplace=False)
      )
      (3): GPSLayer(
        summary: dim_h=304, local_gnn_type=CustomGatedGCN, global_model_type=Transformer, heads=4
        (local_model): GatedGCNLayer()
        (self_attn): MultiheadAttention(
          (out_proj): NonDynamicallyQuantizableLinear(in_features=304, out_features=304, bias=True)
        )
        (norm1_local): BatchNorm1d(304, eps=1e-05, momentum=0.1, affine=True, track_running_stats=True)
        (norm1_attn): BatchNorm1d(304, eps=1e-05, momentum=0.1, affine=True, track_running_stats=True)
        (dropout_local): Dropout(p=0.0, inplace=False)
        (dropout_attn): Dropout(p=0.0, inplace=False)
        (ff_linear1): Linear(in_features=304, out_features=608, bias=True)
        (ff_linear2): Linear(in_features=608, out_features=304, bias=True)
        (act_fn_ff): ReLU()
        (norm2): BatchNorm1d(304, eps=1e-05, momentum=0.1, affine=True, track_running_stats=True)
        (ff_dropout1): Dropout(p=0.0, inplace=False)
        (ff_dropout2): Dropout(p=0.0, inplace=False)
      )
      (4): GPSLayer(
        summary: dim_h=304, local_gnn_type=CustomGatedGCN, global_model_type=Transformer, heads=4
        (local_model): GatedGCNLayer()
        (self_attn): MultiheadAttention(
          (out_proj): NonDynamicallyQuantizableLinear(in_features=304, out_features=304, bias=True)
        )
        (norm1_local): BatchNorm1d(304, eps=1e-05, momentum=0.1, affine=True, track_running_stats=True)
        (norm1_attn): BatchNorm1d(304, eps=1e-05, momentum=0.1, affine=True, track_running_stats=True)
        (dropout_local): Dropout(p=0.0, inplace=False)
        (dropout_attn): Dropout(p=0.0, inplace=False)
        (ff_linear1): Linear(in_features=304, out_features=608, bias=True)
        (ff_linear2): Linear(in_features=608, out_features=304, bias=True)
        (act_fn_ff): ReLU()
        (norm2): BatchNorm1d(304, eps=1e-05, momentum=0.1, affine=True, track_running_stats=True)
        (ff_dropout1): Dropout(p=0.0, inplace=False)
        (ff_dropout2): Dropout(p=0.0, inplace=False)
      )
    )
    (post_mp): SANGraphHead(
      (FC_layers): ModuleList(
        (0): Linear(in_features=304, out_features=152, bias=True)
        (1): Linear(in_features=152, out_features=76, bias=True)
        (2): Linear(in_features=76, out_features=1, bias=True)
      )
      (activation): ReLU()
    )
  )
)
accelerator: cuda
benchmark: False
bn:
  eps: 1e-05
  mom: 0.1
cfg_dest: config.yaml
custom_metrics: []
dataset:
  cache_load: False
  cache_save: False
  dir: ./datasets
  edge_dim: 128
  edge_encoder: True
  edge_encoder_bn: False
  edge_encoder_name: Bond
  edge_encoder_num_types: 0
  edge_message_ratio: 0.8
  edge_negative_sampling_ratio: 1.0
  edge_train_mode: all
  encoder: True
  encoder_bn: True
  encoder_dim: 128
  encoder_name: db
  format: OGB
  infer_link_label: None
  label_column: none
  label_table: none
  location: local
  name: PCQM4Mv2-full
  node_encoder: True
  node_encoder_bn: False
  node_encoder_name: Atom+RWSE
  node_encoder_num_types: 0
  remove_feature: False
  resample_disjoint: False
  resample_negative: False
  shuffle_split: True
  slic_compactness: 10
  split: [0.8, 0.1, 0.1]
  split_dir: ./splits
  split_index: 0
  split_mode: standard
  task: graph
  task_type: regression
  to_undirected: False
  transductive: False
  transform: none
  tu_simple: True
devices: 1
example_arg: example
example_group:
  example_arg: example
gnn:
  act: relu
  agg: add
  att_final_linear: False
  att_final_linear_bn: False
  att_heads: 1
  batchnorm: True
  clear_feature: True
  dim_edge: 304
  dim_inner: 304
  dropout: 0.0
  head: san_graph
  keep_edge: 0.5
  l2norm: True
  layer_type: generalconv
  layers_mp: 2
  layers_post_mp: 3
  layers_pre_mp: 0
  msg_direction: single
  normalize_adj: False
  residual: False
  self_msg: concat
  skip_every: 1
  stage_type: stack
gpu_mem: False
graphormer:
  attention_dropout: 0.0
  dropout: 0.0
  embed_dim: 80
  input_dropout: 0.0
  mlp_dropout: 0.0
  num_heads: 4
  num_layers: 6
  use_graph_token: True
gt:
  attn_dropout: 0.5
  batch_norm: True
  bigbird:
    add_cross_attention: False
    attention_type: block_sparse
    block_size: 3
    chunk_size_feed_forward: 0
    hidden_act: relu
    is_decoder: False
    layer_norm_eps: 1e-06
    max_position_embeddings: 128
    num_random_blocks: 3
    use_bias: False
  dim_hidden: 304
  dropout: 0.0
  full_graph: True
  gamma: 1e-05
  layer_norm: False
  layer_type: CustomGatedGCN+Transformer
  layers: 5
  n_heads: 4
  pna_degrees: []
  residual: True
mem:
  inplace: False
metric_agg: argmin
metric_best: mae
model:
  edge_decoding: dot
  graph_pooling: mean
  loss_fun: l1
  match_upper: True
  size_average: mean
  thresh: 0.5
  type: GPSModel
name_tag: 
num_threads: 6
num_workers: 0
optim:
  base_lr: 0.0005
  batch_accumulation: 1
  clip_grad_norm: True
  clip_grad_norm_value: 1.0
  lr_decay: 0.1
  max_epoch: 100
  min_lr: 0.0
  momentum: 0.9
  num_warmup_epochs: 5
  optimizer: adamW
  reduce_factor: 0.1
  schedule_patience: 10
  scheduler: cosine_with_warmup
  steps: [30, 60, 90]
  weight_decay: 0.0
out_dir: results/pcqm4m-GPS+RWSE
posenc_ElstaticSE:
  dim_pe: 16
  enable: False
  kernel:
    times: []
    times_func: range(10)
  layers: 3
  model: none
  n_heads: 4
  pass_as_var: False
  post_layers: 0
  raw_norm_type: none
posenc_EquivStableLapPE:
  eigen:
    eigvec_norm: L2
    laplacian_norm: sym
    max_freqs: 10
  enable: False
  raw_norm_type: none
posenc_GraphormerBias:
  dim_pe: 0
  enable: False
  node_degrees_only: False
  num_in_degrees: None
  num_out_degrees: None
  num_spatial_types: None
posenc_HKdiagSE:
  dim_pe: 16
  enable: False
  kernel:
    times: []
    times_func: 
  layers: 3
  model: none
  n_heads: 4
  pass_as_var: False
  post_layers: 0
  raw_norm_type: none
posenc_LapPE:
  dim_pe: 16
  eigen:
    eigvec_norm: L2
    laplacian_norm: sym
    max_freqs: 10
  enable: False
  layers: 3
  model: none
  n_heads: 4
  pass_as_var: False
  post_layers: 0
  raw_norm_type: none
posenc_RWSE:
  dim_pe: 20
  enable: True
  kernel:
    times: [1, 2, 3, 4, 5, 6, 7, 8, 9, 10, 11, 12, 13, 14, 15, 16]
    times_func: range(1,17)
  layers: 3
  model: Linear
  n_heads: 4
  pass_as_var: False
  post_layers: 0
  raw_norm_type: BatchNorm
posenc_SignNet:
  dim_pe: 16
  eigen:
    eigvec_norm: L2
    laplacian_norm: sym
    max_freqs: 10
  enable: False
  layers: 3
  model: none
  n_heads: 4
  pass_as_var: False
  phi_hidden_dim: 64
  phi_out_dim: 4
  post_layers: 0
  raw_norm_type: none
pretrained:
  dir: 
  freeze_main: False
  reset_prediction_head: True
print: both
round: 5
run_dir: results/pcqm4m-GPS+RWSE/0
run_id: 0
run_multiple_splits: []
seed: 0
share:
  dim_in: 9
  dim_out: 1
  num_splits: 3
tensorboard_agg: True
tensorboard_each_run: False
train:
  auto_resume: False
  batch_size: 256
  ckpt_best: True
  ckpt_clean: True
  ckpt_period: 100
  enable_ckpt: True
  epoch_resume: -1
  eval_period: 1
  iter_per_epoch: 32
  mode: custom
  neighbor_sizes: [20, 15, 10, 5]
  node_per_graph: 32
  radius: extend
  sample_node: False
  sampler: full_batch
  skip_train_eval: False
  walk_length: 4
val:
  node_per_graph: 32
  radius: extend
  sample_node: False
  sampler: full_batch
view_emb: False
wandb:
  entity: gtransformers
  name: 
  project: pcqm4m
  use: False
Num parameters: 6152295
Start from epoch 0
Parameter containing:
tensor([1., 1.], device='cuda:0', requires_grad=True)
Parameter containing:
tensor([1., 1.], device='cuda:0', requires_grad=True)
Parameter containing:
tensor([1., 1.], device='cuda:0', requires_grad=True)
Parameter containing:
tensor([1., 1.], device='cuda:0', requires_grad=True)
Parameter containing:
tensor([1., 1.], device='cuda:0', requires_grad=True)
train: {'epoch': 0, 'time_epoch': 1420.64294, 'eta': 140643.65073, 'eta_hours': 39.06768, 'loss': 5.62037292, 'lr': 0.0, 'params': 6152295, 'time_iter': 0.11264, 'mae': 5.62037, 'r2': -23.3534, 'spearmanr': 0.50047, 'mse': 32.89719, 'rmse': 5.73561}
...computing epoch stats took: 1.29s
val: {'epoch': 0, 'time_epoch': 49.92086, 'loss': 5.61716533, 'lr': 0, 'params': 6152295, 'time_iter': 0.08519, 'mae': 5.61717, 'r2': -23.42712, 'spearmanr': 0.50453, 'mse': 32.85528, 'rmse': 5.73195}
...computing epoch stats took: 0.08s
test: {'epoch': 0, 'time_epoch': 18.44455, 'loss': 5.38034956, 'lr': 0, 'params': 6152295, 'time_iter': 0.06404, 'mae': 5.38035, 'r2': -18.49646, 'spearmanr': 0.4914, 'mse': 30.46155, 'rmse': 5.5192}
...computing epoch stats took: 0.09s
> Epoch 0: took 1490.7s (avg 1490.7s) | Best so far: epoch 0	train_loss: 5.6204 train_mae: 5.6204	val_loss: 5.6172 val_mae: 5.6172	test_loss: 5.3803 test_mae: 5.3803
Parameter containing:
tensor([1., 1.], device='cuda:0', requires_grad=True)
Parameter containing:
tensor([1., 1.], device='cuda:0', requires_grad=True)
Parameter containing:
tensor([1., 1.], device='cuda:0', requires_grad=True)
Parameter containing:
tensor([1., 1.], device='cuda:0', requires_grad=True)
Parameter containing:
tensor([1., 1.], device='cuda:0', requires_grad=True)
train: {'epoch': 1, 'time_epoch': 1064.05066, 'eta': 121749.9863, 'eta_hours': 33.81944, 'loss': 0.22969298, 'lr': 0.0001, 'params': 6152295, 'time_iter': 0.08437, 'mae': 0.22969, 'r2': 0.88168, 'spearmanr': 0.95667, 'mse': 0.15983, 'rmse': 0.39979}
...computing epoch stats took: 1.06s
val: {'epoch': 1, 'time_epoch': 20.62206, 'loss': 0.1604715, 'lr': 0, 'params': 6152295, 'time_iter': 0.03519, 'mae': 0.16047, 'r2': 0.95891, 'spearmanr': 0.98046, 'mse': 0.05527, 'rmse': 0.23509}
...computing epoch stats took: 0.03s
test: {'epoch': 1, 'time_epoch': 10.21041, 'loss': 0.17384408, 'lr': 0, 'params': 6152295, 'time_iter': 0.03545, 'mae': 0.17384, 'r2': 0.95718, 'spearmanr': 0.9782, 'mse': 0.0669, 'rmse': 0.25865}
...computing epoch stats took: 0.02s
> Epoch 1: took 1096.2s (avg 1293.5s) | Best so far: epoch 1	train_loss: 0.2297 train_mae: 0.2297	val_loss: 0.1605 val_mae: 0.1605	test_loss: 0.1738 test_mae: 0.1738
Parameter containing:
tensor([1.1487, 0.8513], device='cuda:0', requires_grad=True)
Parameter containing:
tensor([1.2226, 0.7774], device='cuda:0', requires_grad=True)
Parameter containing:
tensor([1.1435, 0.8565], device='cuda:0', requires_grad=True)
Parameter containing:
tensor([1.1289, 0.8711], device='cuda:0', requires_grad=True)
Parameter containing:
tensor([1.0889, 0.9111], device='cuda:0', requires_grad=True)
train: {'epoch': 2, 'time_epoch': 1064.43874, 'eta': 114755.27901, 'eta_hours': 31.87647, 'loss': 0.17182474, 'lr': 0.0002, 'params': 6152295, 'time_iter': 0.0844, 'mae': 0.17182, 'r2': 0.95474, 'spearmanr': 0.97758, 'mse': 0.06114, 'rmse': 0.24727}
...computing epoch stats took: 0.79s
val: {'epoch': 2, 'time_epoch': 20.82879, 'loss': 0.14226614, 'lr': 0, 'params': 6152295, 'time_iter': 0.03554, 'mae': 0.14227, 'r2': 0.96702, 'spearmanr': 0.98369, 'mse': 0.04436, 'rmse': 0.21062}
...computing epoch stats took: 0.04s
test: {'epoch': 2, 'time_epoch': 10.1787, 'loss': 0.15331125, 'lr': 0, 'params': 6152295, 'time_iter': 0.03534, 'mae': 0.15331, 'r2': 0.96591, 'spearmanr': 0.98172, 'mse': 0.05326, 'rmse': 0.23078}
...computing epoch stats took: 0.02s
> Epoch 2: took 1096.5s (avg 1227.8s) | Best so far: epoch 2	train_loss: 0.1718 train_mae: 0.1718	val_loss: 0.1423 val_mae: 0.1423	test_loss: 0.1533 test_mae: 0.1533
Parameter containing:
tensor([1.3200, 0.6800], device='cuda:0', requires_grad=True)
Parameter containing:
tensor([1.4224, 0.5776], device='cuda:0', requires_grad=True)
Parameter containing:
tensor([1.3794, 0.6206], device='cuda:0', requires_grad=True)
Parameter containing:
tensor([1.3072, 0.6928], device='cuda:0', requires_grad=True)
Parameter containing:
tensor([1.2910, 0.7090], device='cuda:0', requires_grad=True)
train: {'epoch': 3, 'time_epoch': 1079.12059, 'eta': 111078.07042, 'eta_hours': 30.85502, 'loss': 0.15824416, 'lr': 0.0003, 'params': 6152295, 'time_iter': 0.08556, 'mae': 0.15824, 'r2': 0.9609, 'spearmanr': 0.98074, 'mse': 0.05282, 'rmse': 0.22983}
val: {'epoch': 3, 'time_epoch': 20.64054, 'loss': 0.13762142, 'lr': 0, 'params': 6152295, 'time_iter': 0.03522, 'mae': 0.13762, 'r2': 0.96836, 'spearmanr': 0.98517, 'mse': 0.04255, 'rmse': 0.20628}
test: {'epoch': 3, 'time_epoch': 10.32593, 'loss': 0.14836556, 'lr': 0, 'params': 6152295, 'time_iter': 0.03585, 'mae': 0.14837, 'r2': 0.96707, 'spearmanr': 0.98371, 'mse': 0.05144, 'rmse': 0.22681}
> Epoch 3: took 1111.3s (avg 1198.7s) | Best so far: epoch 3	train_loss: 0.1582 train_mae: 0.1582	val_loss: 0.1376 val_mae: 0.1376	test_loss: 0.1484 test_mae: 0.1484
Parameter containing:
tensor([1.5076, 0.4924], device='cuda:0', requires_grad=True)
Parameter containing:
tensor([1.5620, 0.4380], device='cuda:0', requires_grad=True)
Parameter containing:
tensor([1.5464, 0.4536], device='cuda:0', requires_grad=True)
Parameter containing:
tensor([1.4407, 0.5593], device='cuda:0', requires_grad=True)
Parameter containing:
tensor([1.4673, 0.5327], device='cuda:0', requires_grad=True)
train: {'epoch': 4, 'time_epoch': 1067.59751, 'eta': 108221.1585, 'eta_hours': 30.06143, 'loss': 0.15009105, 'lr': 0.0004, 'params': 6152295, 'time_iter': 0.08465, 'mae': 0.15009, 'r2': 0.96422, 'spearmanr': 0.98235, 'mse': 0.04833, 'rmse': 0.21984}
val: {'epoch': 4, 'time_epoch': 21.09882, 'loss': 0.15433939, 'lr': 0, 'params': 6152295, 'time_iter': 0.036, 'mae': 0.15434, 'r2': 0.96467, 'spearmanr': 0.98414, 'mse': 0.04753, 'rmse': 0.21801}
test: {'epoch': 4, 'time_epoch': 10.17302, 'loss': 0.16218899, 'lr': 0, 'params': 6152295, 'time_iter': 0.03532, 'mae': 0.16219, 'r2': 0.96433, 'spearmanr': 0.9824, 'mse': 0.05573, 'rmse': 0.23608}
> Epoch 4: took 1100.0s (avg 1179.0s) | Best so far: epoch 3	train_loss: 0.1582 train_mae: 0.1582	val_loss: 0.1376 val_mae: 0.1376	test_loss: 0.1484 test_mae: 0.1484
Parameter containing:
tensor([1.6303, 0.3697], device='cuda:0', requires_grad=True)
Parameter containing:
tensor([1.6736, 0.3264], device='cuda:0', requires_grad=True)
Parameter containing:
tensor([1.6390, 0.3610], device='cuda:0', requires_grad=True)
Parameter containing:
tensor([1.5140, 0.4860], device='cuda:0', requires_grad=True)
Parameter containing:
tensor([1.5883, 0.4117], device='cuda:0', requires_grad=True)
train: {'epoch': 5, 'time_epoch': 1064.79995, 'eta': 105916.85627, 'eta_hours': 29.42135, 'loss': 0.14372872, 'lr': 0.0005, 'params': 6152295, 'time_iter': 0.08443, 'mae': 0.14373, 'r2': 0.96654, 'spearmanr': 0.98349, 'mse': 0.0452, 'rmse': 0.2126}
val: {'epoch': 5, 'time_epoch': 20.43298, 'loss': 0.12644, 'lr': 0, 'params': 6152295, 'time_iter': 0.03487, 'mae': 0.12644, 'r2': 0.97198, 'spearmanr': 0.9864, 'mse': 0.03769, 'rmse': 0.19413}
test: {'epoch': 5, 'time_epoch': 10.21034, 'loss': 0.13684775, 'lr': 0, 'params': 6152295, 'time_iter': 0.03545, 'mae': 0.13685, 'r2': 0.97044, 'spearmanr': 0.9848, 'mse': 0.04618, 'rmse': 0.2149}
> Epoch 5: took 1096.5s (avg 1165.2s) | Best so far: epoch 5	train_loss: 0.1437 train_mae: 0.1437	val_loss: 0.1264 val_mae: 0.1264	test_loss: 0.1368 test_mae: 0.1368
Parameter containing:
tensor([1.6641, 0.3359], device='cuda:0', requires_grad=True)
Parameter containing:
tensor([1.7952, 0.2048], device='cuda:0', requires_grad=True)
Parameter containing:
tensor([1.7153, 0.2847], device='cuda:0', requires_grad=True)
Parameter containing:
tensor([1.5658, 0.4343], device='cuda:0', requires_grad=True)
Parameter containing:
tensor([1.6774, 0.3226], device='cuda:0', requires_grad=True)
train: {'epoch': 6, 'time_epoch': 1077.31625, 'eta': 104132.98546, 'eta_hours': 28.92583, 'loss': 0.13324108, 'lr': 0.00049986, 'params': 6152295, 'time_iter': 0.08542, 'mae': 0.13324, 'r2': 0.97, 'spearmanr': 0.98523, 'mse': 0.04052, 'rmse': 0.20129}
val: {'epoch': 6, 'time_epoch': 21.03826, 'loss': 0.12481618, 'lr': 0, 'params': 6152295, 'time_iter': 0.0359, 'mae': 0.12482, 'r2': 0.97293, 'spearmanr': 0.98688, 'mse': 0.03642, 'rmse': 0.19083}
test: {'epoch': 6, 'time_epoch': 10.99197, 'loss': 0.13848901, 'lr': 0, 'params': 6152295, 'time_iter': 0.03817, 'mae': 0.13849, 'r2': 0.96988, 'spearmanr': 0.98476, 'mse': 0.04706, 'rmse': 0.21693}
> Epoch 6: took 1110.5s (avg 1157.4s) | Best so far: epoch 6	train_loss: 0.1332 train_mae: 0.1332	val_loss: 0.1248 val_mae: 0.1248	test_loss: 0.1385 test_mae: 0.1385
Parameter containing:
tensor([1.6891, 0.3110], device='cuda:0', requires_grad=True)
Parameter containing:
tensor([1.8532, 0.1468], device='cuda:0', requires_grad=True)
Parameter containing:
tensor([1.7451, 0.2549], device='cuda:0', requires_grad=True)
Parameter containing:
tensor([1.5977, 0.4023], device='cuda:0', requires_grad=True)
Parameter containing:
tensor([1.7313, 0.2687], device='cuda:0', requires_grad=True)
train: {'epoch': 7, 'time_epoch': 1068.37777, 'eta': 102422.96081, 'eta_hours': 28.45082, 'loss': 0.12658267, 'lr': 0.00049945, 'params': 6152295, 'time_iter': 0.08471, 'mae': 0.12658, 'r2': 0.97219, 'spearmanr': 0.98625, 'mse': 0.03757, 'rmse': 0.19382}
val: {'epoch': 7, 'time_epoch': 21.5301, 'loss': 0.12068366, 'lr': 0, 'params': 6152295, 'time_iter': 0.03674, 'mae': 0.12068, 'r2': 0.97447, 'spearmanr': 0.98777, 'mse': 0.03434, 'rmse': 0.1853}
test: {'epoch': 7, 'time_epoch': 10.34753, 'loss': 0.13151132, 'lr': 0, 'params': 6152295, 'time_iter': 0.03593, 'mae': 0.13151, 'r2': 0.97199, 'spearmanr': 0.98585, 'mse': 0.04377, 'rmse': 0.20921}
> Epoch 7: took 1101.4s (avg 1150.4s) | Best so far: epoch 7	train_loss: 0.1266 train_mae: 0.1266	val_loss: 0.1207 val_mae: 0.1207	test_loss: 0.1315 test_mae: 0.1315
Parameter containing:
tensor([1.7107, 0.2893], device='cuda:0', requires_grad=True)
Parameter containing:
tensor([1.8920, 0.1080], device='cuda:0', requires_grad=True)
Parameter containing:
tensor([1.7898, 0.2102], device='cuda:0', requires_grad=True)
Parameter containing:
tensor([1.6470, 0.3530], device='cuda:0', requires_grad=True)
Parameter containing:
tensor([1.7666, 0.2334], device='cuda:0', requires_grad=True)
train: {'epoch': 8, 'time_epoch': 1067.48298, 'eta': 100846.47704, 'eta_hours': 28.01291, 'loss': 0.12218121, 'lr': 0.00049877, 'params': 6152295, 'time_iter': 0.08464, 'mae': 0.12218, 'r2': 0.97332, 'spearmanr': 0.98692, 'mse': 0.03603, 'rmse': 0.18982}
val: {'epoch': 8, 'time_epoch': 21.86447, 'loss': 0.11093619, 'lr': 0, 'params': 6152295, 'time_iter': 0.03731, 'mae': 0.11094, 'r2': 0.97692, 'spearmanr': 0.98847, 'mse': 0.03104, 'rmse': 0.1762}
test: {'epoch': 8, 'time_epoch': 10.34546, 'loss': 0.12118778, 'lr': 0, 'params': 6152295, 'time_iter': 0.03592, 'mae': 0.12119, 'r2': 0.97444, 'spearmanr': 0.98666, 'mse': 0.03993, 'rmse': 0.19983}
> Epoch 8: took 1100.8s (avg 1144.9s) | Best so far: epoch 8	train_loss: 0.1222 train_mae: 0.1222	val_loss: 0.1109 val_mae: 0.1109	test_loss: 0.1212 test_mae: 0.1212
Parameter containing:
tensor([1.7201, 0.2799], device='cuda:0', requires_grad=True)
Parameter containing:
tensor([1.9333, 0.0667], device='cuda:0', requires_grad=True)
Parameter containing:
tensor([1.8100, 0.1900], device='cuda:0', requires_grad=True)
Parameter containing:
tensor([1.6661, 0.3339], device='cuda:0', requires_grad=True)
Parameter containing:
tensor([1.8001, 0.1999], device='cuda:0', requires_grad=True)
train: {'epoch': 9, 'time_epoch': 1064.43343, 'eta': 99344.34751, 'eta_hours': 27.59565, 'loss': 0.11865681, 'lr': 0.00049782, 'params': 6152295, 'time_iter': 0.0844, 'mae': 0.11866, 'r2': 0.97467, 'spearmanr': 0.98742, 'mse': 0.03422, 'rmse': 0.18497}
val: {'epoch': 9, 'time_epoch': 20.62557, 'loss': 0.1197716, 'lr': 0, 'params': 6152295, 'time_iter': 0.0352, 'mae': 0.11977, 'r2': 0.97558, 'spearmanr': 0.98793, 'mse': 0.03284, 'rmse': 0.18122}
test: {'epoch': 9, 'time_epoch': 10.20924, 'loss': 0.12901711, 'lr': 0, 'params': 6152295, 'time_iter': 0.03545, 'mae': 0.12902, 'r2': 0.97407, 'spearmanr': 0.98659, 'mse': 0.04052, 'rmse': 0.20128}
> Epoch 9: took 1096.4s (avg 1140.0s) | Best so far: epoch 8	train_loss: 0.1222 train_mae: 0.1222	val_loss: 0.1109 val_mae: 0.1109	test_loss: 0.1212 test_mae: 0.1212
Parameter containing:
tensor([1.7263, 0.2737], device='cuda:0', requires_grad=True)
Parameter containing:
tensor([1.9620, 0.0380], device='cuda:0', requires_grad=True)
Parameter containing:
tensor([1.8299, 0.1701], device='cuda:0', requires_grad=True)
Parameter containing:
tensor([1.6961, 0.3039], device='cuda:0', requires_grad=True)
Parameter containing:
tensor([1.8197, 0.1803], device='cuda:0', requires_grad=True)
train: {'epoch': 10, 'time_epoch': 1078.34105, 'eta': 98034.32433, 'eta_hours': 27.23176, 'loss': 0.11592056, 'lr': 0.00049659, 'params': 6152295, 'time_iter': 0.0855, 'mae': 0.11592, 'r2': 0.97533, 'spearmanr': 0.98779, 'mse': 0.03333, 'rmse': 0.18256}
val: {'epoch': 10, 'time_epoch': 20.78691, 'loss': 0.11393606, 'lr': 0, 'params': 6152295, 'time_iter': 0.03547, 'mae': 0.11394, 'r2': 0.97608, 'spearmanr': 0.9888, 'mse': 0.03217, 'rmse': 0.17937}
test: {'epoch': 10, 'time_epoch': 10.11572, 'loss': 0.12198405, 'lr': 0, 'params': 6152295, 'time_iter': 0.03512, 'mae': 0.12198, 'r2': 0.97516, 'spearmanr': 0.98761, 'mse': 0.03881, 'rmse': 0.19699}
> Epoch 10: took 1110.4s (avg 1137.3s) | Best so far: epoch 8	train_loss: 0.1222 train_mae: 0.1222	val_loss: 0.1109 val_mae: 0.1109	test_loss: 0.1212 test_mae: 0.1212
Parameter containing:
tensor([1.7474, 0.2526], device='cuda:0', requires_grad=True)
Parameter containing:
tensor([1.9962, 0.0038], device='cuda:0', requires_grad=True)
Parameter containing:
tensor([1.8331, 0.1669], device='cuda:0', requires_grad=True)
Parameter containing:
tensor([1.7179, 0.2821], device='cuda:0', requires_grad=True)
Parameter containing:
tensor([1.8246, 0.1754], device='cuda:0', requires_grad=True)
train: {'epoch': 11, 'time_epoch': 1065.65171, 'eta': 96669.85967, 'eta_hours': 26.85274, 'loss': 0.11386421, 'lr': 0.00049509, 'params': 6152295, 'time_iter': 0.0845, 'mae': 0.11386, 'r2': 0.97602, 'spearmanr': 0.98809, 'mse': 0.03239, 'rmse': 0.17997}
val: {'epoch': 11, 'time_epoch': 20.58197, 'loss': 0.10871388, 'lr': 0, 'params': 6152295, 'time_iter': 0.03512, 'mae': 0.10871, 'r2': 0.97671, 'spearmanr': 0.98882, 'mse': 0.03133, 'rmse': 0.17699}
test: {'epoch': 11, 'time_epoch': 10.05252, 'loss': 0.11720099, 'lr': 0, 'params': 6152295, 'time_iter': 0.0349, 'mae': 0.1172, 'r2': 0.97595, 'spearmanr': 0.98742, 'mse': 0.03757, 'rmse': 0.19384}
> Epoch 11: took 1097.5s (avg 1134.0s) | Best so far: epoch 11	train_loss: 0.1139 train_mae: 0.1139	val_loss: 0.1087 val_mae: 0.1087	test_loss: 0.1172 test_mae: 0.1172
Parameter containing:
tensor([1.7622, 0.2378], device='cuda:0', requires_grad=True)
Parameter containing:
tensor([ 2.0121, -0.0122], device='cuda:0', requires_grad=True)
Parameter containing:
tensor([1.8417, 0.1583], device='cuda:0', requires_grad=True)
Parameter containing:
tensor([1.7370, 0.2630], device='cuda:0', requires_grad=True)
Parameter containing:
tensor([1.8474, 0.1526], device='cuda:0', requires_grad=True)
train: {'epoch': 12, 'time_epoch': 1063.7337, 'eta': 95338.53033, 'eta_hours': 26.48293, 'loss': 0.11146098, 'lr': 0.00049333, 'params': 6152295, 'time_iter': 0.08434, 'mae': 0.11146, 'r2': 0.97665, 'spearmanr': 0.98839, 'mse': 0.03155, 'rmse': 0.17761}
val: {'epoch': 12, 'time_epoch': 20.81678, 'loss': 0.11423221, 'lr': 0, 'params': 6152295, 'time_iter': 0.03552, 'mae': 0.11423, 'r2': 0.97558, 'spearmanr': 0.98849, 'mse': 0.03284, 'rmse': 0.18122}
test: {'epoch': 12, 'time_epoch': 10.14121, 'loss': 0.12251036, 'lr': 0, 'params': 6152295, 'time_iter': 0.03521, 'mae': 0.12251, 'r2': 0.9745, 'spearmanr': 0.98688, 'mse': 0.03983, 'rmse': 0.19959}
> Epoch 12: took 1095.8s (avg 1131.1s) | Best so far: epoch 11	train_loss: 0.1139 train_mae: 0.1139	val_loss: 0.1087 val_mae: 0.1087	test_loss: 0.1172 test_mae: 0.1172
Parameter containing:
tensor([1.7598, 0.2402], device='cuda:0', requires_grad=True)
Parameter containing:
tensor([ 2.0602, -0.0602], device='cuda:0', requires_grad=True)
Parameter containing:
tensor([1.8659, 0.1341], device='cuda:0', requires_grad=True)
Parameter containing:
tensor([1.7480, 0.2520], device='cuda:0', requires_grad=True)
Parameter containing:
tensor([1.8633, 0.1367], device='cuda:0', requires_grad=True)
train: {'epoch': 13, 'time_epoch': 1064.48448, 'eta': 94050.04087, 'eta_hours': 26.12501, 'loss': 0.10999687, 'lr': 0.0004913, 'params': 6152295, 'time_iter': 0.0844, 'mae': 0.11, 'r2': 0.97708, 'spearmanr': 0.98858, 'mse': 0.03096, 'rmse': 0.17595}
val: {'epoch': 13, 'time_epoch': 20.89767, 'loss': 0.11058809, 'lr': 0, 'params': 6152295, 'time_iter': 0.03566, 'mae': 0.11059, 'r2': 0.9776, 'spearmanr': 0.98907, 'mse': 0.03012, 'rmse': 0.17356}
test: {'epoch': 13, 'time_epoch': 10.27638, 'loss': 0.11744065, 'lr': 0, 'params': 6152295, 'time_iter': 0.03568, 'mae': 0.11744, 'r2': 0.97649, 'spearmanr': 0.98798, 'mse': 0.03673, 'rmse': 0.19166}
> Epoch 13: took 1096.8s (avg 1128.6s) | Best so far: epoch 11	train_loss: 0.1139 train_mae: 0.1139	val_loss: 0.1087 val_mae: 0.1087	test_loss: 0.1172 test_mae: 0.1172
Parameter containing:
tensor([1.7586, 0.2414], device='cuda:0', requires_grad=True)
Parameter containing:
tensor([ 2.0673, -0.0673], device='cuda:0', requires_grad=True)
Parameter containing:
tensor([1.8714, 0.1286], device='cuda:0', requires_grad=True)
Parameter containing:
tensor([1.7662, 0.2338], device='cuda:0', requires_grad=True)
Parameter containing:
tensor([1.8792, 0.1208], device='cuda:0', requires_grad=True)
train: {'epoch': 14, 'time_epoch': 1062.31275, 'eta': 92779.11226, 'eta_hours': 25.77198, 'loss': 0.10830093, 'lr': 0.00048901, 'params': 6152295, 'time_iter': 0.08423, 'mae': 0.1083, 'r2': 0.97757, 'spearmanr': 0.98884, 'mse': 0.0303, 'rmse': 0.17406}
val: {'epoch': 14, 'time_epoch': 20.90175, 'loss': 0.10987221, 'lr': 0, 'params': 6152295, 'time_iter': 0.03567, 'mae': 0.10987, 'r2': 0.97769, 'spearmanr': 0.98906, 'mse': 0.03001, 'rmse': 0.17324}
test: {'epoch': 14, 'time_epoch': 10.21411, 'loss': 0.11664621, 'lr': 0, 'params': 6152295, 'time_iter': 0.03547, 'mae': 0.11665, 'r2': 0.97691, 'spearmanr': 0.98786, 'mse': 0.03608, 'rmse': 0.18994}
> Epoch 14: took 1094.6s (avg 1126.4s) | Best so far: epoch 11	train_loss: 0.1139 train_mae: 0.1139	val_loss: 0.1087 val_mae: 0.1087	test_loss: 0.1172 test_mae: 0.1172
Parameter containing:
tensor([1.7852, 0.2148], device='cuda:0', requires_grad=True)
Parameter containing:
tensor([ 2.0897, -0.0897], device='cuda:0', requires_grad=True)
Parameter containing:
tensor([1.8720, 0.1280], device='cuda:0', requires_grad=True)
Parameter containing:
tensor([1.7749, 0.2251], device='cuda:0', requires_grad=True)
Parameter containing:
tensor([1.8728, 0.1272], device='cuda:0', requires_grad=True)
train: {'epoch': 15, 'time_epoch': 1077.98241, 'eta': 91616.52637, 'eta_hours': 25.44904, 'loss': 0.10646094, 'lr': 0.00048645, 'params': 6152295, 'time_iter': 0.08547, 'mae': 0.10646, 'r2': 0.97814, 'spearmanr': 0.98908, 'mse': 0.02953, 'rmse': 0.17185}
val: {'epoch': 15, 'time_epoch': 21.36302, 'loss': 0.10660521, 'lr': 0, 'params': 6152295, 'time_iter': 0.03646, 'mae': 0.10661, 'r2': 0.97847, 'spearmanr': 0.98945, 'mse': 0.02896, 'rmse': 0.17017}
test: {'epoch': 15, 'time_epoch': 10.4398, 'loss': 0.11374395, 'lr': 0, 'params': 6152295, 'time_iter': 0.03625, 'mae': 0.11374, 'r2': 0.97795, 'spearmanr': 0.98826, 'mse': 0.03445, 'rmse': 0.18562}
> Epoch 15: took 1110.9s (avg 1125.4s) | Best so far: epoch 15	train_loss: 0.1065 train_mae: 0.1065	val_loss: 0.1066 val_mae: 0.1066	test_loss: 0.1137 test_mae: 0.1137
Parameter containing:
tensor([1.7851, 0.2149], device='cuda:0', requires_grad=True)
Parameter containing:
tensor([ 2.1177, -0.1177], device='cuda:0', requires_grad=True)
Parameter containing:
tensor([1.8726, 0.1274], device='cuda:0', requires_grad=True)
Parameter containing:
tensor([1.7777, 0.2223], device='cuda:0', requires_grad=True)
Parameter containing:
tensor([1.8732, 0.1268], device='cuda:0', requires_grad=True)
train: {'epoch': 16, 'time_epoch': 1068.19493, 'eta': 90416.10787, 'eta_hours': 25.11559, 'loss': 0.10521352, 'lr': 0.00048364, 'params': 6152295, 'time_iter': 0.0847, 'mae': 0.10521, 'r2': 0.97852, 'spearmanr': 0.98924, 'mse': 0.02902, 'rmse': 0.17035}
val: {'epoch': 16, 'time_epoch': 20.48997, 'loss': 0.11190749, 'lr': 0, 'params': 6152295, 'time_iter': 0.03497, 'mae': 0.11191, 'r2': 0.97777, 'spearmanr': 0.98892, 'mse': 0.0299, 'rmse': 0.17291}
test: {'epoch': 16, 'time_epoch': 10.04835, 'loss': 0.11983922, 'lr': 0, 'params': 6152295, 'time_iter': 0.03489, 'mae': 0.11984, 'r2': 0.97644, 'spearmanr': 0.98789, 'mse': 0.0368, 'rmse': 0.19184}
> Epoch 16: took 1099.9s (avg 1123.9s) | Best so far: epoch 15	train_loss: 0.1065 train_mae: 0.1065	val_loss: 0.1066 val_mae: 0.1066	test_loss: 0.1137 test_mae: 0.1137
Parameter containing:
tensor([1.7923, 0.2077], device='cuda:0', requires_grad=True)
Parameter containing:
tensor([ 2.1069, -0.1070], device='cuda:0', requires_grad=True)
Parameter containing:
tensor([1.9019, 0.0981], device='cuda:0', requires_grad=True)
Parameter containing:
tensor([1.7808, 0.2193], device='cuda:0', requires_grad=True)
Parameter containing:
tensor([1.8762, 0.1238], device='cuda:0', requires_grad=True)
train: {'epoch': 17, 'time_epoch': 1067.24103, 'eta': 89226.03537, 'eta_hours': 24.78501, 'loss': 0.10386505, 'lr': 0.00048057, 'params': 6152295, 'time_iter': 0.08462, 'mae': 0.10387, 'r2': 0.97883, 'spearmanr': 0.9894, 'mse': 0.0286, 'rmse': 0.16912}
val: {'epoch': 17, 'time_epoch': 20.65242, 'loss': 0.10601074, 'lr': 0, 'params': 6152295, 'time_iter': 0.03524, 'mae': 0.10601, 'r2': 0.97885, 'spearmanr': 0.98957, 'mse': 0.02845, 'rmse': 0.16866}
test: {'epoch': 17, 'time_epoch': 10.18836, 'loss': 0.11501564, 'lr': 0, 'params': 6152295, 'time_iter': 0.03538, 'mae': 0.11502, 'r2': 0.97753, 'spearmanr': 0.98837, 'mse': 0.03511, 'rmse': 0.18736}
> Epoch 17: took 1099.2s (avg 1122.5s) | Best so far: epoch 17	train_loss: 0.1039 train_mae: 0.1039	val_loss: 0.1060 val_mae: 0.1060	test_loss: 0.1150 test_mae: 0.1150
Parameter containing:
tensor([1.8024, 0.1976], device='cuda:0', requires_grad=True)
Parameter containing:
tensor([ 2.1250, -0.1250], device='cuda:0', requires_grad=True)
Parameter containing:
tensor([1.9061, 0.0939], device='cuda:0', requires_grad=True)
Parameter containing:
tensor([1.8029, 0.1972], device='cuda:0', requires_grad=True)
Parameter containing:
tensor([1.8737, 0.1264], device='cuda:0', requires_grad=True)
train: {'epoch': 18, 'time_epoch': 1067.49877, 'eta': 88049.99128, 'eta_hours': 24.45833, 'loss': 0.10262987, 'lr': 0.00047725, 'params': 6152295, 'time_iter': 0.08464, 'mae': 0.10263, 'r2': 0.97918, 'spearmanr': 0.98955, 'mse': 0.02813, 'rmse': 0.16771}
val: {'epoch': 18, 'time_epoch': 20.73571, 'loss': 0.10238429, 'lr': 0, 'params': 6152295, 'time_iter': 0.03539, 'mae': 0.10238, 'r2': 0.97919, 'spearmanr': 0.98973, 'mse': 0.02799, 'rmse': 0.1673}
test: {'epoch': 18, 'time_epoch': 10.49851, 'loss': 0.11067498, 'lr': 0, 'params': 6152295, 'time_iter': 0.03645, 'mae': 0.11067, 'r2': 0.97828, 'spearmanr': 0.98883, 'mse': 0.03393, 'rmse': 0.18421}
> Epoch 18: took 1099.8s (avg 1121.3s) | Best so far: epoch 18	train_loss: 0.1026 train_mae: 0.1026	val_loss: 0.1024 val_mae: 0.1024	test_loss: 0.1107 test_mae: 0.1107
Parameter containing:
tensor([1.8078, 0.1922], device='cuda:0', requires_grad=True)
Parameter containing:
tensor([ 2.1483, -0.1483], device='cuda:0', requires_grad=True)
Parameter containing:
tensor([1.9104, 0.0896], device='cuda:0', requires_grad=True)
Parameter containing:
tensor([1.8070, 0.1930], device='cuda:0', requires_grad=True)
Parameter containing:
tensor([1.8764, 0.1236], device='cuda:0', requires_grad=True)
train: {'epoch': 19, 'time_epoch': 1068.46402, 'eta': 86888.66271, 'eta_hours': 24.13574, 'loss': 0.10149588, 'lr': 0.00047368, 'params': 6152295, 'time_iter': 0.08472, 'mae': 0.1015, 'r2': 0.97961, 'spearmanr': 0.98972, 'mse': 0.02754, 'rmse': 0.16595}
val: {'epoch': 19, 'time_epoch': 20.98854, 'loss': 0.10186666, 'lr': 0, 'params': 6152295, 'time_iter': 0.03582, 'mae': 0.10187, 'r2': 0.97917, 'spearmanr': 0.98979, 'mse': 0.02801, 'rmse': 0.16737}
test: {'epoch': 19, 'time_epoch': 10.30356, 'loss': 0.10877517, 'lr': 0, 'params': 6152295, 'time_iter': 0.03578, 'mae': 0.10878, 'r2': 0.97899, 'spearmanr': 0.98885, 'mse': 0.03282, 'rmse': 0.18117}
> Epoch 19: took 1100.8s (avg 1120.3s) | Best so far: epoch 19	train_loss: 0.1015 train_mae: 0.1015	val_loss: 0.1019 val_mae: 0.1019	test_loss: 0.1088 test_mae: 0.1088
Parameter containing:
tensor([1.8269, 0.1731], device='cuda:0', requires_grad=True)
Parameter containing:
tensor([ 2.1517, -0.1518], device='cuda:0', requires_grad=True)
Parameter containing:
tensor([1.9046, 0.0954], device='cuda:0', requires_grad=True)
Parameter containing:
tensor([1.8112, 0.1888], device='cuda:0', requires_grad=True)
Parameter containing:
tensor([1.8857, 0.1143], device='cuda:0', requires_grad=True)
train: {'epoch': 20, 'time_epoch': 1081.28295, 'eta': 85784.40198, 'eta_hours': 23.829, 'loss': 0.10071688, 'lr': 0.00046987, 'params': 6152295, 'time_iter': 0.08573, 'mae': 0.10072, 'r2': 0.97986, 'spearmanr': 0.98981, 'mse': 0.02721, 'rmse': 0.16496}
val: {'epoch': 20, 'time_epoch': 20.77414, 'loss': 0.10293221, 'lr': 0, 'params': 6152295, 'time_iter': 0.03545, 'mae': 0.10293, 'r2': 0.9796, 'spearmanr': 0.98987, 'mse': 0.02744, 'rmse': 0.16566}
test: {'epoch': 20, 'time_epoch': 10.16447, 'loss': 0.11072233, 'lr': 0, 'params': 6152295, 'time_iter': 0.03529, 'mae': 0.11072, 'r2': 0.97847, 'spearmanr': 0.9889, 'mse': 0.03364, 'rmse': 0.18342}
> Epoch 20: took 1113.4s (avg 1120.0s) | Best so far: epoch 19	train_loss: 0.1015 train_mae: 0.1015	val_loss: 0.1019 val_mae: 0.1019	test_loss: 0.1088 test_mae: 0.1088
Parameter containing:
tensor([1.8143, 0.1857], device='cuda:0', requires_grad=True)
Parameter containing:
tensor([ 2.1909, -0.1909], device='cuda:0', requires_grad=True)
Parameter containing:
tensor([1.9255, 0.0744], device='cuda:0', requires_grad=True)
Parameter containing:
tensor([1.8168, 0.1832], device='cuda:0', requires_grad=True)
Parameter containing:
tensor([1.8992, 0.1008], device='cuda:0', requires_grad=True)
train: {'epoch': 21, 'time_epoch': 1068.19841, 'eta': 84635.83948, 'eta_hours': 23.50996, 'loss': 0.09953263, 'lr': 0.00046581, 'params': 6152295, 'time_iter': 0.0847, 'mae': 0.09953, 'r2': 0.98007, 'spearmanr': 0.98996, 'mse': 0.02693, 'rmse': 0.1641}
val: {'epoch': 21, 'time_epoch': 20.81962, 'loss': 0.09843191, 'lr': 0, 'params': 6152295, 'time_iter': 0.03553, 'mae': 0.09843, 'r2': 0.98004, 'spearmanr': 0.98996, 'mse': 0.02685, 'rmse': 0.16385}
test: {'epoch': 21, 'time_epoch': 10.12442, 'loss': 0.10672762, 'lr': 0, 'params': 6152295, 'time_iter': 0.03515, 'mae': 0.10673, 'r2': 0.9783, 'spearmanr': 0.98876, 'mse': 0.03391, 'rmse': 0.18414}
> Epoch 21: took 1100.3s (avg 1119.1s) | Best so far: epoch 21	train_loss: 0.0995 train_mae: 0.0995	val_loss: 0.0984 val_mae: 0.0984	test_loss: 0.1067 test_mae: 0.1067
Parameter containing:
tensor([1.8291, 0.1709], device='cuda:0', requires_grad=True)
Parameter containing:
tensor([ 2.2016, -0.2017], device='cuda:0', requires_grad=True)
Parameter containing:
tensor([1.9354, 0.0645], device='cuda:0', requires_grad=True)
Parameter containing:
tensor([1.8174, 0.1826], device='cuda:0', requires_grad=True)
Parameter containing:
tensor([1.9002, 0.0998], device='cuda:0', requires_grad=True)
train: {'epoch': 22, 'time_epoch': 1079.38475, 'eta': 83531.71509, 'eta_hours': 23.20325, 'loss': 0.09852436, 'lr': 0.00046152, 'params': 6152295, 'time_iter': 0.08558, 'mae': 0.09852, 'r2': 0.98047, 'spearmanr': 0.99011, 'mse': 0.02638, 'rmse': 0.16243}
val: {'epoch': 22, 'time_epoch': 20.54544, 'loss': 0.09818313, 'lr': 0, 'params': 6152295, 'time_iter': 0.03506, 'mae': 0.09818, 'r2': 0.98012, 'spearmanr': 0.98998, 'mse': 0.02674, 'rmse': 0.16352}
test: {'epoch': 22, 'time_epoch': 10.14102, 'loss': 0.10549383, 'lr': 0, 'params': 6152295, 'time_iter': 0.03521, 'mae': 0.10549, 'r2': 0.97963, 'spearmanr': 0.98895, 'mse': 0.03183, 'rmse': 0.17841}
> Epoch 22: took 1111.5s (avg 1118.7s) | Best so far: epoch 22	train_loss: 0.0985 train_mae: 0.0985	val_loss: 0.0982 val_mae: 0.0982	test_loss: 0.1055 test_mae: 0.1055
Parameter containing:
tensor([1.8252, 0.1748], device='cuda:0', requires_grad=True)
Parameter containing:
tensor([ 2.2152, -0.2152], device='cuda:0', requires_grad=True)
Parameter containing:
tensor([1.9433, 0.0566], device='cuda:0', requires_grad=True)
Parameter containing:
tensor([1.8387, 0.1614], device='cuda:0', requires_grad=True)
Parameter containing:
tensor([1.9032, 0.0968], device='cuda:0', requires_grad=True)
train: {'epoch': 23, 'time_epoch': 1088.26381, 'eta': 82457.76938, 'eta_hours': 22.90494, 'loss': 0.09755475, 'lr': 0.000457, 'params': 6152295, 'time_iter': 0.08629, 'mae': 0.09755, 'r2': 0.98078, 'spearmanr': 0.99019, 'mse': 0.02596, 'rmse': 0.16111}
val: {'epoch': 23, 'time_epoch': 23.88119, 'loss': 0.09751005, 'lr': 0, 'params': 6152295, 'time_iter': 0.04075, 'mae': 0.09751, 'r2': 0.98029, 'spearmanr': 0.99003, 'mse': 0.02651, 'rmse': 0.16283}
test: {'epoch': 23, 'time_epoch': 12.19216, 'loss': 0.10563516, 'lr': 0, 'params': 6152295, 'time_iter': 0.04233, 'mae': 0.10564, 'r2': 0.97947, 'spearmanr': 0.98908, 'mse': 0.03208, 'rmse': 0.17912}
> Epoch 23: took 1125.5s (avg 1119.0s) | Best so far: epoch 23	train_loss: 0.0976 train_mae: 0.0975	val_loss: 0.0975 val_mae: 0.0975	test_loss: 0.1056 test_mae: 0.1056
Parameter containing:
tensor([1.8282, 0.1718], device='cuda:0', requires_grad=True)
Parameter containing:
tensor([ 2.2268, -0.2269], device='cuda:0', requires_grad=True)
Parameter containing:
tensor([1.9308, 0.0692], device='cuda:0', requires_grad=True)
Parameter containing:
tensor([1.8355, 0.1646], device='cuda:0', requires_grad=True)
Parameter containing:
tensor([1.9114, 0.0886], device='cuda:0', requires_grad=True)
train: {'epoch': 24, 'time_epoch': 1136.37969, 'eta': 81527.02585, 'eta_hours': 22.6464, 'loss': 0.09679198, 'lr': 0.00045225, 'params': 6152295, 'time_iter': 0.0901, 'mae': 0.09679, 'r2': 0.98109, 'spearmanr': 0.99031, 'mse': 0.02554, 'rmse': 0.1598}
val: {'epoch': 24, 'time_epoch': 21.3879, 'loss': 0.09842715, 'lr': 0, 'params': 6152295, 'time_iter': 0.0365, 'mae': 0.09843, 'r2': 0.98015, 'spearmanr': 0.99012, 'mse': 0.0267, 'rmse': 0.1634}
test: {'epoch': 24, 'time_epoch': 11.11877, 'loss': 0.10641852, 'lr': 0, 'params': 6152295, 'time_iter': 0.03861, 'mae': 0.10642, 'r2': 0.97914, 'spearmanr': 0.98908, 'mse': 0.03259, 'rmse': 0.18054}
> Epoch 24: took 1170.2s (avg 1121.1s) | Best so far: epoch 23	train_loss: 0.0976 train_mae: 0.0975	val_loss: 0.0975 val_mae: 0.0975	test_loss: 0.1056 test_mae: 0.1056
Parameter containing:
tensor([1.8510, 0.1490], device='cuda:0', requires_grad=True)
Parameter containing:
tensor([ 2.2183, -0.2184], device='cuda:0', requires_grad=True)
Parameter containing:
tensor([1.9211, 0.0789], device='cuda:0', requires_grad=True)
Parameter containing:
tensor([1.8393, 0.1607], device='cuda:0', requires_grad=True)
Parameter containing:
tensor([1.9154, 0.0846], device='cuda:0', requires_grad=True)
train: {'epoch': 25, 'time_epoch': 1104.76633, 'eta': 80490.48766, 'eta_hours': 22.35847, 'loss': 0.09564859, 'lr': 0.00044729, 'params': 6152295, 'time_iter': 0.0876, 'mae': 0.09565, 'r2': 0.98118, 'spearmanr': 0.99046, 'mse': 0.02543, 'rmse': 0.15946}
val: {'epoch': 25, 'time_epoch': 22.0431, 'loss': 0.09626705, 'lr': 0, 'params': 6152295, 'time_iter': 0.03762, 'mae': 0.09627, 'r2': 0.98053, 'spearmanr': 0.9902, 'mse': 0.02619, 'rmse': 0.16183}
test: {'epoch': 25, 'time_epoch': 10.73775, 'loss': 0.10418718, 'lr': 0, 'params': 6152295, 'time_iter': 0.03728, 'mae': 0.10419, 'r2': 0.98004, 'spearmanr': 0.98933, 'mse': 0.03118, 'rmse': 0.17658}
> Epoch 25: took 1138.9s (avg 1121.8s) | Best so far: epoch 25	train_loss: 0.0956 train_mae: 0.0956	val_loss: 0.0963 val_mae: 0.0963	test_loss: 0.1042 test_mae: 0.1042
Parameter containing:
tensor([1.8395, 0.1605], device='cuda:0', requires_grad=True)
Parameter containing:
tensor([ 2.2305, -0.2305], device='cuda:0', requires_grad=True)
Parameter containing:
tensor([1.9397, 0.0603], device='cuda:0', requires_grad=True)
Parameter containing:
tensor([1.8423, 0.1577], device='cuda:0', requires_grad=True)
Parameter containing:
tensor([1.9214, 0.0786], device='cuda:0', requires_grad=True)
train: {'epoch': 26, 'time_epoch': 1117.17558, 'eta': 79482.44647, 'eta_hours': 22.07846, 'loss': 0.09488534, 'lr': 0.0004421, 'params': 6152295, 'time_iter': 0.08858, 'mae': 0.09489, 'r2': 0.98157, 'spearmanr': 0.99053, 'mse': 0.0249, 'rmse': 0.1578}
val: {'epoch': 26, 'time_epoch': 21.04203, 'loss': 0.09647052, 'lr': 0, 'params': 6152295, 'time_iter': 0.03591, 'mae': 0.09647, 'r2': 0.98068, 'spearmanr': 0.99027, 'mse': 0.02598, 'rmse': 0.16118}
test: {'epoch': 26, 'time_epoch': 11.46551, 'loss': 0.10448092, 'lr': 0, 'params': 6152295, 'time_iter': 0.03981, 'mae': 0.10448, 'r2': 0.97907, 'spearmanr': 0.98917, 'mse': 0.03271, 'rmse': 0.18086}
> Epoch 26: took 1150.8s (avg 1122.8s) | Best so far: epoch 25	train_loss: 0.0956 train_mae: 0.0956	val_loss: 0.0963 val_mae: 0.0963	test_loss: 0.1042 test_mae: 0.1042
Parameter containing:
tensor([1.8626, 0.1374], device='cuda:0', requires_grad=True)
Parameter containing:
tensor([ 2.2403, -0.2403], device='cuda:0', requires_grad=True)
Parameter containing:
tensor([1.9433, 0.0567], device='cuda:0', requires_grad=True)
Parameter containing:
tensor([1.8624, 0.1376], device='cuda:0', requires_grad=True)
Parameter containing:
tensor([1.9118, 0.0882], device='cuda:0', requires_grad=True)
train: {'epoch': 27, 'time_epoch': 1099.22575, 'eta': 78420.45327, 'eta_hours': 21.78346, 'loss': 0.09400506, 'lr': 0.00043671, 'params': 6152295, 'time_iter': 0.08716, 'mae': 0.09401, 'r2': 0.98141, 'spearmanr': 0.99065, 'mse': 0.02511, 'rmse': 0.15847}
val: {'epoch': 27, 'time_epoch': 22.33779, 'loss': 0.09950917, 'lr': 0, 'params': 6152295, 'time_iter': 0.03812, 'mae': 0.09951, 'r2': 0.98038, 'spearmanr': 0.99027, 'mse': 0.02639, 'rmse': 0.16247}
test: {'epoch': 27, 'time_epoch': 10.89824, 'loss': 0.1062532, 'lr': 0, 'params': 6152295, 'time_iter': 0.03784, 'mae': 0.10625, 'r2': 0.98004, 'spearmanr': 0.9893, 'mse': 0.03119, 'rmse': 0.17662}
> Epoch 27: took 1133.7s (avg 1123.2s) | Best so far: epoch 25	train_loss: 0.0956 train_mae: 0.0956	val_loss: 0.0963 val_mae: 0.0963	test_loss: 0.1042 test_mae: 0.1042
Parameter containing:
tensor([1.8551, 0.1449], device='cuda:0', requires_grad=True)
Parameter containing:
tensor([ 2.2491, -0.2491], device='cuda:0', requires_grad=True)
Parameter containing:
tensor([1.9559, 0.0441], device='cuda:0', requires_grad=True)
Parameter containing:
tensor([1.8651, 0.1349], device='cuda:0', requires_grad=True)
Parameter containing:
tensor([1.9240, 0.0760], device='cuda:0', requires_grad=True)
train: {'epoch': 28, 'time_epoch': 1088.44672, 'eta': 77329.50226, 'eta_hours': 21.48042, 'loss': 0.09331218, 'lr': 0.00043111, 'params': 6152295, 'time_iter': 0.0863, 'mae': 0.09331, 'r2': 0.9819, 'spearmanr': 0.99074, 'mse': 0.02445, 'rmse': 0.15636}
val: {'epoch': 28, 'time_epoch': 21.39741, 'loss': 0.09725896, 'lr': 0, 'params': 6152295, 'time_iter': 0.03651, 'mae': 0.09726, 'r2': 0.97999, 'spearmanr': 0.99009, 'mse': 0.02691, 'rmse': 0.16406}
test: {'epoch': 28, 'time_epoch': 10.31657, 'loss': 0.10441817, 'lr': 0, 'params': 6152295, 'time_iter': 0.03582, 'mae': 0.10442, 'r2': 0.97974, 'spearmanr': 0.98939, 'mse': 0.03166, 'rmse': 0.17793}
> Epoch 28: took 1121.3s (avg 1123.2s) | Best so far: epoch 25	train_loss: 0.0956 train_mae: 0.0956	val_loss: 0.0963 val_mae: 0.0963	test_loss: 0.1042 test_mae: 0.1042
Parameter containing:
tensor([1.8704, 0.1296], device='cuda:0', requires_grad=True)
Parameter containing:
tensor([ 2.2373, -0.2374], device='cuda:0', requires_grad=True)
Parameter containing:
tensor([1.9574, 0.0425], device='cuda:0', requires_grad=True)
Parameter containing:
tensor([1.8682, 0.1318], device='cuda:0', requires_grad=True)
Parameter containing:
tensor([1.9323, 0.0677], device='cuda:0', requires_grad=True)
train: {'epoch': 29, 'time_epoch': 1095.7453, 'eta': 76255.74823, 'eta_hours': 21.18215, 'loss': 0.09252093, 'lr': 0.00042531, 'params': 6152295, 'time_iter': 0.08688, 'mae': 0.09252, 'r2': 0.98218, 'spearmanr': 0.99084, 'mse': 0.02407, 'rmse': 0.15514}
val: {'epoch': 29, 'time_epoch': 21.04695, 'loss': 0.09585108, 'lr': 0, 'params': 6152295, 'time_iter': 0.03592, 'mae': 0.09585, 'r2': 0.98051, 'spearmanr': 0.99014, 'mse': 0.02622, 'rmse': 0.16191}
test: {'epoch': 29, 'time_epoch': 11.12989, 'loss': 0.10329359, 'lr': 0, 'params': 6152295, 'time_iter': 0.03865, 'mae': 0.10329, 'r2': 0.98002, 'spearmanr': 0.98922, 'mse': 0.03122, 'rmse': 0.1767}
> Epoch 29: took 1129.0s (avg 1123.4s) | Best so far: epoch 29	train_loss: 0.0925 train_mae: 0.0925	val_loss: 0.0959 val_mae: 0.0959	test_loss: 0.1033 test_mae: 0.1033
Parameter containing:
tensor([1.8727, 0.1273], device='cuda:0', requires_grad=True)
Parameter containing:
tensor([ 2.2401, -0.2401], device='cuda:0', requires_grad=True)
Parameter containing:
tensor([1.9712, 0.0288], device='cuda:0', requires_grad=True)
Parameter containing:
tensor([1.8800, 0.1200], device='cuda:0', requires_grad=True)
Parameter containing:
tensor([1.9270, 0.0730], device='cuda:0', requires_grad=True)
train: {'epoch': 30, 'time_epoch': 1099.1488, 'eta': 75188.15094, 'eta_hours': 20.8856, 'loss': 0.09171329, 'lr': 0.00041932, 'params': 6152295, 'time_iter': 0.08715, 'mae': 0.09171, 'r2': 0.98235, 'spearmanr': 0.99096, 'mse': 0.02385, 'rmse': 0.15442}
val: {'epoch': 30, 'time_epoch': 21.02022, 'loss': 0.09369042, 'lr': 0, 'params': 6152295, 'time_iter': 0.03587, 'mae': 0.09369, 'r2': 0.98094, 'spearmanr': 0.99048, 'mse': 0.02564, 'rmse': 0.16011}
test: {'epoch': 30, 'time_epoch': 10.1453, 'loss': 0.10131328, 'lr': 0, 'params': 6152295, 'time_iter': 0.03523, 'mae': 0.10131, 'r2': 0.97983, 'spearmanr': 0.98955, 'mse': 0.03152, 'rmse': 0.17754}
> Epoch 30: took 1131.5s (avg 1123.6s) | Best so far: epoch 30	train_loss: 0.0917 train_mae: 0.0917	val_loss: 0.0937 val_mae: 0.0937	test_loss: 0.1013 test_mae: 0.1013
Parameter containing:
tensor([1.8851, 0.1149], device='cuda:0', requires_grad=True)
Parameter containing:
tensor([ 2.2761, -0.2762], device='cuda:0', requires_grad=True)
Parameter containing:
tensor([1.9740, 0.0260], device='cuda:0', requires_grad=True)
Parameter containing:
tensor([1.8827, 0.1173], device='cuda:0', requires_grad=True)
Parameter containing:
tensor([1.9290, 0.0711], device='cuda:0', requires_grad=True)
train: {'epoch': 31, 'time_epoch': 1122.58786, 'eta': 74168.38969, 'eta_hours': 20.60233, 'loss': 0.09119975, 'lr': 0.00041315, 'params': 6152295, 'time_iter': 0.08901, 'mae': 0.0912, 'r2': 0.98245, 'spearmanr': 0.99103, 'mse': 0.02371, 'rmse': 0.15398}
val: {'epoch': 31, 'time_epoch': 21.52802, 'loss': 0.0965965, 'lr': 0, 'params': 6152295, 'time_iter': 0.03674, 'mae': 0.0966, 'r2': 0.98015, 'spearmanr': 0.99006, 'mse': 0.02669, 'rmse': 0.16338}
test: {'epoch': 31, 'time_epoch': 10.29313, 'loss': 0.10514242, 'lr': 0, 'params': 6152295, 'time_iter': 0.03574, 'mae': 0.10514, 'r2': 0.97858, 'spearmanr': 0.98871, 'mse': 0.03346, 'rmse': 0.18292}
> Epoch 31: took 1155.8s (avg 1124.6s) | Best so far: epoch 30	train_loss: 0.0917 train_mae: 0.0917	val_loss: 0.0937 val_mae: 0.0937	test_loss: 0.1013 test_mae: 0.1013
Parameter containing:
tensor([1.8557, 0.1443], device='cuda:0', requires_grad=True)
Parameter containing:
tensor([ 2.2933, -0.2934], device='cuda:0', requires_grad=True)
Parameter containing:
tensor([1.9889, 0.0111], device='cuda:0', requires_grad=True)
Parameter containing:
tensor([1.8818, 0.1182], device='cuda:0', requires_grad=True)
Parameter containing:
tensor([1.9303, 0.0697], device='cuda:0', requires_grad=True)
train: {'epoch': 32, 'time_epoch': 1098.03131, 'eta': 73092.53928, 'eta_hours': 20.30348, 'loss': 0.09037723, 'lr': 0.00040679, 'params': 6152295, 'time_iter': 0.08706, 'mae': 0.09038, 'r2': 0.98278, 'spearmanr': 0.9911, 'mse': 0.02326, 'rmse': 0.15252}
val: {'epoch': 32, 'time_epoch': 21.69815, 'loss': 0.09530807, 'lr': 0, 'params': 6152295, 'time_iter': 0.03703, 'mae': 0.09531, 'r2': 0.98079, 'spearmanr': 0.99031, 'mse': 0.02584, 'rmse': 0.16075}
test: {'epoch': 32, 'time_epoch': 11.20868, 'loss': 0.10359146, 'lr': 0, 'params': 6152295, 'time_iter': 0.03892, 'mae': 0.10359, 'r2': 0.98067, 'spearmanr': 0.98965, 'mse': 0.0302, 'rmse': 0.17378}
> Epoch 32: took 1132.3s (avg 1124.9s) | Best so far: epoch 30	train_loss: 0.0917 train_mae: 0.0917	val_loss: 0.0937 val_mae: 0.0937	test_loss: 0.1013 test_mae: 0.1013
Parameter containing:
tensor([1.8595, 0.1405], device='cuda:0', requires_grad=True)
Parameter containing:
tensor([ 2.2921, -0.2921], device='cuda:0', requires_grad=True)
Parameter containing:
tensor([1.9970, 0.0030], device='cuda:0', requires_grad=True)
Parameter containing:
tensor([1.8854, 0.1146], device='cuda:0', requires_grad=True)
Parameter containing:
tensor([1.9330, 0.0670], device='cuda:0', requires_grad=True)
train: {'epoch': 33, 'time_epoch': 1128.10679, 'eta': 72073.76592, 'eta_hours': 20.02049, 'loss': 0.08975063, 'lr': 0.00040027, 'params': 6152295, 'time_iter': 0.08945, 'mae': 0.08975, 'r2': 0.9829, 'spearmanr': 0.99118, 'mse': 0.0231, 'rmse': 0.15199}
val: {'epoch': 33, 'time_epoch': 22.92909, 'loss': 0.09308727, 'lr': 0, 'params': 6152295, 'time_iter': 0.03913, 'mae': 0.09309, 'r2': 0.98121, 'spearmanr': 0.99048, 'mse': 0.02527, 'rmse': 0.15897}
test: {'epoch': 33, 'time_epoch': 10.30437, 'loss': 0.10077376, 'lr': 0, 'params': 6152295, 'time_iter': 0.03578, 'mae': 0.10077, 'r2': 0.98055, 'spearmanr': 0.9897, 'mse': 0.03039, 'rmse': 0.17434}
> Epoch 33: took 1162.8s (avg 1126.0s) | Best so far: epoch 33	train_loss: 0.0898 train_mae: 0.0897	val_loss: 0.0931 val_mae: 0.0931	test_loss: 0.1008 test_mae: 0.1008
Parameter containing:
tensor([1.8701, 0.1299], device='cuda:0', requires_grad=True)
Parameter containing:
tensor([ 2.2904, -0.2904], device='cuda:0', requires_grad=True)
Parameter containing:
tensor([ 2.0045, -0.0045], device='cuda:0', requires_grad=True)
Parameter containing:
tensor([1.8835, 0.1165], device='cuda:0', requires_grad=True)
Parameter containing:
tensor([1.9327, 0.0673], device='cuda:0', requires_grad=True)
train: {'epoch': 34, 'time_epoch': 1134.16262, 'eta': 71059.99148, 'eta_hours': 19.73889, 'loss': 0.08907952, 'lr': 0.00039358, 'params': 6152295, 'time_iter': 0.08993, 'mae': 0.08908, 'r2': 0.98291, 'spearmanr': 0.99126, 'mse': 0.02309, 'rmse': 0.15195}
val: {'epoch': 34, 'time_epoch': 21.9671, 'loss': 0.09408057, 'lr': 0, 'params': 6152295, 'time_iter': 0.03749, 'mae': 0.09408, 'r2': 0.98135, 'spearmanr': 0.99055, 'mse': 0.02508, 'rmse': 0.15837}
test: {'epoch': 34, 'time_epoch': 10.53994, 'loss': 0.10171272, 'lr': 0, 'params': 6152295, 'time_iter': 0.0366, 'mae': 0.10171, 'r2': 0.97971, 'spearmanr': 0.98949, 'mse': 0.03171, 'rmse': 0.17806}
> Epoch 34: took 1168.0s (avg 1127.2s) | Best so far: epoch 33	train_loss: 0.0898 train_mae: 0.0897	val_loss: 0.0931 val_mae: 0.0931	test_loss: 0.1008 test_mae: 0.1008
Parameter containing:
tensor([1.8875, 0.1125], device='cuda:0', requires_grad=True)
Parameter containing:
tensor([ 2.2991, -0.2992], device='cuda:0', requires_grad=True)
Parameter containing:
tensor([ 2.0000e+00, -3.6476e-05], device='cuda:0', requires_grad=True)
Parameter containing:
tensor([1.8957, 0.1043], device='cuda:0', requires_grad=True)
Parameter containing:
tensor([1.9441, 0.0560], device='cuda:0', requires_grad=True)
train: {'epoch': 35, 'time_epoch': 1106.31808, 'eta': 69990.02741, 'eta_hours': 19.44167, 'loss': 0.08834496, 'lr': 0.00038674, 'params': 6152295, 'time_iter': 0.08772, 'mae': 0.08834, 'r2': 0.9832, 'spearmanr': 0.99137, 'mse': 0.02269, 'rmse': 0.15063}
val: {'epoch': 35, 'time_epoch': 21.96098, 'loss': 0.09310904, 'lr': 0, 'params': 6152295, 'time_iter': 0.03748, 'mae': 0.09311, 'r2': 0.98146, 'spearmanr': 0.99057, 'mse': 0.02494, 'rmse': 0.15793}
test: {'epoch': 35, 'time_epoch': 11.06766, 'loss': 0.1009495, 'lr': 0, 'params': 6152295, 'time_iter': 0.03843, 'mae': 0.10095, 'r2': 0.98076, 'spearmanr': 0.98978, 'mse': 0.03006, 'rmse': 0.17338}
> Epoch 35: took 1140.6s (avg 1127.5s) | Best so far: epoch 33	train_loss: 0.0898 train_mae: 0.0897	val_loss: 0.0931 val_mae: 0.0931	test_loss: 0.1008 test_mae: 0.1008
Parameter containing:
tensor([1.8863, 0.1138], device='cuda:0', requires_grad=True)
Parameter containing:
tensor([ 2.3043, -0.3043], device='cuda:0', requires_grad=True)
Parameter containing:
tensor([ 2.0086, -0.0087], device='cuda:0', requires_grad=True)
Parameter containing:
tensor([1.8906, 0.1094], device='cuda:0', requires_grad=True)
Parameter containing:
tensor([1.9459, 0.0541], device='cuda:0', requires_grad=True)
train: {'epoch': 36, 'time_epoch': 1109.38271, 'eta': 68923.31641, 'eta_hours': 19.14537, 'loss': 0.08769099, 'lr': 0.00037974, 'params': 6152295, 'time_iter': 0.08796, 'mae': 0.08769, 'r2': 0.98344, 'spearmanr': 0.99145, 'mse': 0.02237, 'rmse': 0.14956}
val: {'epoch': 36, 'time_epoch': 24.1665, 'loss': 0.09533479, 'lr': 0, 'params': 6152295, 'time_iter': 0.04124, 'mae': 0.09533, 'r2': 0.98123, 'spearmanr': 0.99055, 'mse': 0.02524, 'rmse': 0.15888}
test: {'epoch': 36, 'time_epoch': 12.44923, 'loss': 0.10303872, 'lr': 0, 'params': 6152295, 'time_iter': 0.04323, 'mae': 0.10304, 'r2': 0.98002, 'spearmanr': 0.9896, 'mse': 0.03122, 'rmse': 0.17668}
> Epoch 36: took 1147.4s (avg 1128.1s) | Best so far: epoch 33	train_loss: 0.0898 train_mae: 0.0897	val_loss: 0.0931 val_mae: 0.0931	test_loss: 0.1008 test_mae: 0.1008
Parameter containing:
tensor([1.8891, 0.1109], device='cuda:0', requires_grad=True)
Parameter containing:
tensor([ 2.3291, -0.3292], device='cuda:0', requires_grad=True)
Parameter containing:
tensor([ 2.0081, -0.0081], device='cuda:0', requires_grad=True)
Parameter containing:
tensor([1.9040, 0.0960], device='cuda:0', requires_grad=True)
Parameter containing:
tensor([1.9464, 0.0536], device='cuda:0', requires_grad=True)
train: {'epoch': 37, 'time_epoch': 1082.38667, 'eta': 67810.31336, 'eta_hours': 18.8362, 'loss': 0.0871231, 'lr': 0.00037261, 'params': 6152295, 'time_iter': 0.08582, 'mae': 0.08712, 'r2': 0.9834, 'spearmanr': 0.99152, 'mse': 0.02242, 'rmse': 0.14973}
val: {'epoch': 37, 'time_epoch': 24.06284, 'loss': 0.09250781, 'lr': 0, 'params': 6152295, 'time_iter': 0.04106, 'mae': 0.09251, 'r2': 0.98107, 'spearmanr': 0.99057, 'mse': 0.02546, 'rmse': 0.15956}
test: {'epoch': 37, 'time_epoch': 12.8382, 'loss': 0.10043188, 'lr': 0, 'params': 6152295, 'time_iter': 0.04458, 'mae': 0.10043, 'r2': 0.98035, 'spearmanr': 0.98956, 'mse': 0.0307, 'rmse': 0.17523}
> Epoch 37: took 1120.6s (avg 1127.9s) | Best so far: epoch 37	train_loss: 0.0871 train_mae: 0.0871	val_loss: 0.0925 val_mae: 0.0925	test_loss: 0.1004 test_mae: 0.1004
Parameter containing:
tensor([1.9007, 0.0993], device='cuda:0', requires_grad=True)
Parameter containing:
tensor([ 2.3199, -0.3200], device='cuda:0', requires_grad=True)
Parameter containing:
tensor([ 2.0203, -0.0204], device='cuda:0', requires_grad=True)
Parameter containing:
tensor([1.9084, 0.0916], device='cuda:0', requires_grad=True)
Parameter containing:
tensor([1.9482, 0.0518], device='cuda:0', requires_grad=True)
train: {'epoch': 38, 'time_epoch': 1123.95377, 'eta': 66763.89559, 'eta_hours': 18.54553, 'loss': 0.08651431, 'lr': 0.00036534, 'params': 6152295, 'time_iter': 0.08912, 'mae': 0.08651, 'r2': 0.98382, 'spearmanr': 0.99159, 'mse': 0.02185, 'rmse': 0.14782}
val: {'epoch': 38, 'time_epoch': 20.41633, 'loss': 0.09577932, 'lr': 0, 'params': 6152295, 'time_iter': 0.03484, 'mae': 0.09578, 'r2': 0.98057, 'spearmanr': 0.9905, 'mse': 0.02613, 'rmse': 0.16166}
test: {'epoch': 38, 'time_epoch': 9.96056, 'loss': 0.10341931, 'lr': 0, 'params': 6152295, 'time_iter': 0.03459, 'mae': 0.10342, 'r2': 0.97974, 'spearmanr': 0.98955, 'mse': 0.03166, 'rmse': 0.17793}
> Epoch 38: took 1155.6s (avg 1128.6s) | Best so far: epoch 37	train_loss: 0.0871 train_mae: 0.0871	val_loss: 0.0925 val_mae: 0.0925	test_loss: 0.1004 test_mae: 0.1004
Parameter containing:
tensor([1.9000, 0.1000], device='cuda:0', requires_grad=True)
Parameter containing:
tensor([ 2.3304, -0.3305], device='cuda:0', requires_grad=True)
Parameter containing:
tensor([ 2.0110, -0.0111], device='cuda:0', requires_grad=True)
Parameter containing:
tensor([1.9094, 0.0906], device='cuda:0', requires_grad=True)
Parameter containing:
tensor([1.9489, 0.0511], device='cuda:0', requires_grad=True)
train: {'epoch': 39, 'time_epoch': 1048.77944, 'eta': 65600.83953, 'eta_hours': 18.22246, 'loss': 0.08584738, 'lr': 0.00035794, 'params': 6152295, 'time_iter': 0.08316, 'mae': 0.08585, 'r2': 0.98346, 'spearmanr': 0.99168, 'mse': 0.02234, 'rmse': 0.14947}
val: {'epoch': 39, 'time_epoch': 20.51965, 'loss': 0.09124586, 'lr': 0, 'params': 6152295, 'time_iter': 0.03502, 'mae': 0.09125, 'r2': 0.98149, 'spearmanr': 0.9906, 'mse': 0.0249, 'rmse': 0.15779}
test: {'epoch': 39, 'time_epoch': 10.17997, 'loss': 0.09960792, 'lr': 0, 'params': 6152295, 'time_iter': 0.03535, 'mae': 0.09961, 'r2': 0.98009, 'spearmanr': 0.98978, 'mse': 0.03111, 'rmse': 0.17638}
> Epoch 39: took 1080.7s (avg 1127.4s) | Best so far: epoch 39	train_loss: 0.0858 train_mae: 0.0858	val_loss: 0.0912 val_mae: 0.0912	test_loss: 0.0996 test_mae: 0.0996
Parameter containing:
tensor([1.8992, 0.1009], device='cuda:0', requires_grad=True)
Parameter containing:
tensor([ 2.3317, -0.3318], device='cuda:0', requires_grad=True)
Parameter containing:
tensor([ 2.0171, -0.0171], device='cuda:0', requires_grad=True)
Parameter containing:
tensor([1.9111, 0.0889], device='cuda:0', requires_grad=True)
Parameter containing:
tensor([1.9552, 0.0449], device='cuda:0', requires_grad=True)
train: {'epoch': 40, 'time_epoch': 1050.69446, 'eta': 64446.11368, 'eta_hours': 17.9017, 'loss': 0.08517106, 'lr': 0.00035042, 'params': 6152295, 'time_iter': 0.08331, 'mae': 0.08517, 'r2': 0.98385, 'spearmanr': 0.99175, 'mse': 0.02182, 'rmse': 0.14771}
val: {'epoch': 40, 'time_epoch': 22.20348, 'loss': 0.09101182, 'lr': 0, 'params': 6152295, 'time_iter': 0.03789, 'mae': 0.09101, 'r2': 0.9816, 'spearmanr': 0.99068, 'mse': 0.02475, 'rmse': 0.15732}
test: {'epoch': 40, 'time_epoch': 11.20166, 'loss': 0.09929443, 'lr': 0, 'params': 6152295, 'time_iter': 0.03889, 'mae': 0.09929, 'r2': 0.98017, 'spearmanr': 0.98955, 'mse': 0.03098, 'rmse': 0.176}
> Epoch 40: took 1085.3s (avg 1126.4s) | Best so far: epoch 40	train_loss: 0.0852 train_mae: 0.0852	val_loss: 0.0910 val_mae: 0.0910	test_loss: 0.0993 test_mae: 0.0993
Parameter containing:
tensor([1.8957, 0.1043], device='cuda:0', requires_grad=True)
Parameter containing:
tensor([ 2.3512, -0.3513], device='cuda:0', requires_grad=True)
Parameter containing:
tensor([ 2.0228, -0.0229], device='cuda:0', requires_grad=True)
Parameter containing:
tensor([1.9192, 0.0808], device='cuda:0', requires_grad=True)
Parameter containing:
tensor([1.9583, 0.0418], device='cuda:0', requires_grad=True)
train: {'epoch': 41, 'time_epoch': 1106.20636, 'eta': 63373.00101, 'eta_hours': 17.60361, 'loss': 0.08445609, 'lr': 0.0003428, 'params': 6152295, 'time_iter': 0.08771, 'mae': 0.08446, 'r2': 0.98386, 'spearmanr': 0.99186, 'mse': 0.0218, 'rmse': 0.14765}
val: {'epoch': 41, 'time_epoch': 21.36901, 'loss': 0.09125362, 'lr': 0, 'params': 6152295, 'time_iter': 0.03647, 'mae': 0.09125, 'r2': 0.98161, 'spearmanr': 0.99069, 'mse': 0.02473, 'rmse': 0.15727}
test: {'epoch': 41, 'time_epoch': 10.32906, 'loss': 0.09969342, 'lr': 0, 'params': 6152295, 'time_iter': 0.03586, 'mae': 0.09969, 'r2': 0.97984, 'spearmanr': 0.98966, 'mse': 0.03149, 'rmse': 0.17746}
> Epoch 41: took 1139.0s (avg 1126.7s) | Best so far: epoch 40	train_loss: 0.0852 train_mae: 0.0852	val_loss: 0.0910 val_mae: 0.0910	test_loss: 0.0993 test_mae: 0.0993
Parameter containing:
tensor([1.9174, 0.0826], device='cuda:0', requires_grad=True)
Parameter containing:
tensor([ 2.3407, -0.3408], device='cuda:0', requires_grad=True)
Parameter containing:
tensor([ 2.0292, -0.0293], device='cuda:0', requires_grad=True)
Parameter containing:
tensor([1.9140, 0.0860], device='cuda:0', requires_grad=True)
Parameter containing:
tensor([1.9595, 0.0405], device='cuda:0', requires_grad=True)
train: {'epoch': 42, 'time_epoch': 1060.42944, 'eta': 62237.66805, 'eta_hours': 17.28824, 'loss': 0.08378254, 'lr': 0.00033507, 'params': 6152295, 'time_iter': 0.08408, 'mae': 0.08378, 'r2': 0.98439, 'spearmanr': 0.99191, 'mse': 0.02109, 'rmse': 0.14523}
val: {'epoch': 42, 'time_epoch': 20.49506, 'loss': 0.09047787, 'lr': 0, 'params': 6152295, 'time_iter': 0.03497, 'mae': 0.09048, 'r2': 0.98158, 'spearmanr': 0.99068, 'mse': 0.02478, 'rmse': 0.15742}
test: {'epoch': 42, 'time_epoch': 10.18023, 'loss': 0.09932181, 'lr': 0, 'params': 6152295, 'time_iter': 0.03535, 'mae': 0.09932, 'r2': 0.98019, 'spearmanr': 0.98955, 'mse': 0.03095, 'rmse': 0.17594}
> Epoch 42: took 1092.2s (avg 1125.9s) | Best so far: epoch 42	train_loss: 0.0838 train_mae: 0.0838	val_loss: 0.0905 val_mae: 0.0905	test_loss: 0.0993 test_mae: 0.0993
Parameter containing:
tensor([1.9110, 0.0890], device='cuda:0', requires_grad=True)
Parameter containing:
tensor([ 2.3637, -0.3638], device='cuda:0', requires_grad=True)
Parameter containing:
tensor([ 2.0388, -0.0388], device='cuda:0', requires_grad=True)
Parameter containing:
tensor([1.9158, 0.0843], device='cuda:0', requires_grad=True)
Parameter containing:
tensor([1.9725, 0.0275], device='cuda:0', requires_grad=True)
train: {'epoch': 43, 'time_epoch': 1059.16448, 'eta': 61104.12986, 'eta_hours': 16.97337, 'loss': 0.0832111, 'lr': 0.00032725, 'params': 6152295, 'time_iter': 0.08398, 'mae': 0.08321, 'r2': 0.98463, 'spearmanr': 0.99199, 'mse': 0.02076, 'rmse': 0.14409}
val: {'epoch': 43, 'time_epoch': 23.39661, 'loss': 0.09159923, 'lr': 0, 'params': 6152295, 'time_iter': 0.03993, 'mae': 0.0916, 'r2': 0.9815, 'spearmanr': 0.99073, 'mse': 0.02488, 'rmse': 0.15775}
test: {'epoch': 43, 'time_epoch': 11.32869, 'loss': 0.09952351, 'lr': 0, 'params': 6152295, 'time_iter': 0.03934, 'mae': 0.09952, 'r2': 0.98075, 'spearmanr': 0.9897, 'mse': 0.03008, 'rmse': 0.17343}
> Epoch 43: took 1095.1s (avg 1125.2s) | Best so far: epoch 42	train_loss: 0.0838 train_mae: 0.0838	val_loss: 0.0905 val_mae: 0.0905	test_loss: 0.0993 test_mae: 0.0993
Parameter containing:
tensor([1.9081, 0.0919], device='cuda:0', requires_grad=True)
Parameter containing:
tensor([ 2.3787, -0.3787], device='cuda:0', requires_grad=True)
Parameter containing:
tensor([ 2.0448, -0.0448], device='cuda:0', requires_grad=True)
Parameter containing:
tensor([1.9291, 0.0709], device='cuda:0', requires_grad=True)
Parameter containing:
tensor([1.9711, 0.0290], device='cuda:0', requires_grad=True)
train: {'epoch': 44, 'time_epoch': 1063.77733, 'eta': 59979.53509, 'eta_hours': 16.66098, 'loss': 0.08253026, 'lr': 0.00031935, 'params': 6152295, 'time_iter': 0.08435, 'mae': 0.08253, 'r2': 0.9849, 'spearmanr': 0.99207, 'mse': 0.0204, 'rmse': 0.14283}
val: {'epoch': 44, 'time_epoch': 20.75186, 'loss': 0.09150544, 'lr': 0, 'params': 6152295, 'time_iter': 0.03541, 'mae': 0.09151, 'r2': 0.98171, 'spearmanr': 0.99074, 'mse': 0.0246, 'rmse': 0.15685}
test: {'epoch': 44, 'time_epoch': 10.07926, 'loss': 0.09947549, 'lr': 0, 'params': 6152295, 'time_iter': 0.035, 'mae': 0.09948, 'r2': 0.98089, 'spearmanr': 0.98991, 'mse': 0.02986, 'rmse': 0.17279}
> Epoch 44: took 1095.7s (avg 1124.5s) | Best so far: epoch 42	train_loss: 0.0838 train_mae: 0.0838	val_loss: 0.0905 val_mae: 0.0905	test_loss: 0.0993 test_mae: 0.0993
